<?xml version="1.0" encoding="UTF-8"?>
<!-- Generated by org.testng.reporters.JUnitXMLReporter -->
<testsuite ignored="0" hostname="DESKTOP-5KKF2C8" failures="0" tests="3" name="Surefire test" time="57.068" errors="0" timestamp="2023-05-05T02:08:40 EET">
  <testcase classname="Todo.examples.testcases.LoginTest" name="LoginWithEmailAndPassword" time="3.522"/>
  <testcase classname="Todo.examples.testcases.TodoTest" name="ShouldBeAbleDeleteNewTodo" time="16.606"/>
  <testcase classname="Todo.examples.testcases.TodoTest" name="shouldAbleToAddNewTodo" time="6.376"/>
</testsuite> <!-- Surefire test -->
