<?xml version="1.0" encoding="UTF-8"?>
<testng-results ignored="0" total="3" passed="3" failed="0" skipped="0">
  <reporter-output>
  </reporter-output>
  <suite started-at="2023-05-05T02:07:43 EET" name="Surefire suite" finished-at="2023-05-05T02:08:40 EET" duration-ms="57068">
    <groups>
    </groups>
    <test started-at="2023-05-05T02:07:43 EET" name="Surefire test" finished-at="2023-05-05T02:08:40 EET" duration-ms="57068">
      <class name="Todo.examples.testcases.TodoTest">
        <test-method is-config="true" signature="setup()[pri:0, instance:Todo.examples.testcases.TodoTest@32ee6fee]" started-at="2023-05-05T02:08:07 EET" name="setup" finished-at="2023-05-05T02:08:11 EET" duration-ms="3835" status="PASS">
          <reporter-output>
          </reporter-output>
        </test-method> <!-- setup -->
        <test-method signature="ShouldBeAbleDeleteNewTodo()[pri:0, instance:Todo.examples.testcases.TodoTest@32ee6fee]" started-at="2023-05-05T02:08:11 EET" name="ShouldBeAbleDeleteNewTodo" description="should be able to delete a new task" finished-at="2023-05-05T02:08:27 EET" duration-ms="16606" status="PASS">
          <reporter-output>
          </reporter-output>
        </test-method> <!-- ShouldBeAbleDeleteNewTodo -->
        <test-method is-config="true" signature="quit(org.testng.ITestResult)[pri:0, instance:Todo.examples.testcases.TodoTest@32ee6fee]" started-at="2023-05-05T02:08:28 EET" name="quit" finished-at="2023-05-05T02:08:29 EET" duration-ms="1572" status="PASS">
          <params>
            <param index="0">
              <value>
                <![CDATA[[TestResult name=ShouldBeAbleDeleteNewTodo status=SUCCESS method=TodoTest.ShouldBeAbleDeleteNewTodo()[pri:0, instance:Todo.examples.testcases.TodoTest@32ee6fee] output={null}]]]>
              </value>
            </param>
          </params>
          <reporter-output>
          </reporter-output>
        </test-method> <!-- quit -->
        <test-method is-config="true" signature="setup()[pri:0, instance:Todo.examples.testcases.TodoTest@32ee6fee]" started-at="2023-05-05T02:08:29 EET" name="setup" finished-at="2023-05-05T02:08:33 EET" duration-ms="3565" status="PASS">
          <reporter-output>
          </reporter-output>
        </test-method> <!-- setup -->
        <test-method signature="shouldAbleToAddNewTodo()[pri:0, instance:Todo.examples.testcases.TodoTest@32ee6fee]" started-at="2023-05-05T02:08:33 EET" name="shouldAbleToAddNewTodo" description="should be able to Add a new task" finished-at="2023-05-05T02:08:39 EET" duration-ms="6376" status="PASS">
          <reporter-output>
          </reporter-output>
        </test-method> <!-- shouldAbleToAddNewTodo -->
        <test-method is-config="true" signature="quit(org.testng.ITestResult)[pri:0, instance:Todo.examples.testcases.TodoTest@32ee6fee]" started-at="2023-05-05T02:08:39 EET" name="quit" finished-at="2023-05-05T02:08:40 EET" duration-ms="1042" status="PASS">
          <params>
            <param index="0">
              <value>
                <![CDATA[[TestResult name=shouldAbleToAddNewTodo status=SUCCESS method=TodoTest.shouldAbleToAddNewTodo()[pri:0, instance:Todo.examples.testcases.TodoTest@32ee6fee] output={null}]]]>
              </value>
            </param>
          </params>
          <reporter-output>
          </reporter-output>
        </test-method> <!-- quit -->
      </class> <!-- Todo.examples.testcases.TodoTest -->
      <class name="Todo.examples.testcases.LoginTest">
        <test-method is-config="true" signature="setup()[pri:0, instance:Todo.examples.testcases.LoginTest@5562c41e]" started-at="2023-05-05T02:07:43 EET" name="setup" finished-at="2023-05-05T02:08:02 EET" duration-ms="19055" status="PASS">
          <reporter-output>
          </reporter-output>
        </test-method> <!-- setup -->
        <test-method signature="LoginWithEmailAndPassword()[pri:0, instance:Todo.examples.testcases.LoginTest@5562c41e]" started-at="2023-05-05T02:08:02 EET" name="LoginWithEmailAndPassword" description="Test the login functionality" finished-at="2023-05-05T02:08:06 EET" duration-ms="3522" status="PASS">
          <reporter-output>
          </reporter-output>
        </test-method> <!-- LoginWithEmailAndPassword -->
        <test-method is-config="true" signature="quit(org.testng.ITestResult)[pri:0, instance:Todo.examples.testcases.LoginTest@5562c41e]" started-at="2023-05-05T02:08:06 EET" name="quit" finished-at="2023-05-05T02:08:07 EET" duration-ms="1014" status="PASS">
          <params>
            <param index="0">
              <value>
                <![CDATA[[TestResult name=LoginWithEmailAndPassword status=SUCCESS method=LoginTest.LoginWithEmailAndPassword()[pri:0, instance:Todo.examples.testcases.LoginTest@5562c41e] output={null}]]]>
              </value>
            </param>
          </params>
          <reporter-output>
          </reporter-output>
        </test-method> <!-- quit -->
      </class> <!-- Todo.examples.testcases.LoginTest -->
    </test> <!-- Surefire test -->
  </suite> <!-- Surefire suite -->
</testng-results>
