<?xml version="1.0" encoding="UTF-8"?>
<testsuite xmlns:xsi="http://www.w3.org/2001/XMLSchema-instance" xsi:noNamespaceSchemaLocation="https://maven.apache.org/surefire/maven-surefire-plugin/xsd/surefire-test-report-3.0.xsd" version="3.0" name="TestSuite" time="59.767" tests="3" errors="0" skipped="0" failures="0">
  <properties>
[...]
</properties>
  <testcase name="LoginWithEmailAndPassword" classname="Todo.examples.testcases.LoginTest" time="3.521">
    <system-err><![CDATA[SLF4J: No SLF4J providers were found.
SLF4J: Defaulting to no-operation (NOP) logger implementation
SLF4J: See https://www.slf4j.org/codes.html#noProviders for further details.
Starting ChromeDriver 112.0.5615.49 (bd2a7bcb881c11e8cfe3078709382934e3916914-refs/branch-heads/5615@{#936}) on port 32875
Only local connections are allowed.
Please see https://chromedriver.chromium.org/security-considerations for suggestions on keeping ChromeDriver safe.
ChromeDriver was started successfully.
May 05, 2023 2:08:02 AM org.openqa.selenium.remote.ProtocolHandshake createSession
INFO: Detected dialect: W3C
]]></system-err>
  </testcase>
  <testcase name="ShouldBeAbleDeleteNewTodo" classname="Todo.examples.testcases.TodoTest" time="16.609">
    <system-out><![CDATA[Request method:	POST
Request URI:	https://qacart-todo.herokuapp.com/api/v1/users/register
Proxy:			<none>
Request params:	<none>
Query params:	<none>
Form params:	<none>
Path params:	<none>
Headers:		Accept=*/*
				Content-Type=application/json
Cookies:		<none>
Multiparts:		<none>
Body:
{
    "email": "pia.ward@gmail.com",
    "firstName": "Kaley",
    "lastName": "Klein",
    "password": "dunrcqkbc5"
}
HTTP/1.1 201 Created
Server: Cowboy
Connection: keep-alive
X-Powered-By: Express
Access-Control-Allow-Origin: *
Set-Cookie: access_token=eyJhbGciOiJIUzI1NiIsInR5cCI6IkpXVCJ9.eyJpZCI6IjY0NTQ0OGY3YTcyYjQxMDAxNDc3MGI2ZSIsImZpcnN0TmFtZSI6IkthbGV5IiwibGFzdE5hbWUiOiJLbGVpbiIsImlhdCI6MTY4MzI0NTMwM30.ejzoHkT2-de7OaKzRXvPcIzmfFAy5ttcPQW7Jd-1AFQ; Path=/
Set-Cookie: userID=j%3A%22645448f7a72b410014770b6e%22; Path=/
Set-Cookie: firstName=Kaley; Path=/
Content-Type: application/json; charset=utf-8
Content-Length: 275
Etag: W/"113-SSLGUw7avZQaDQRG0SYjNP+rcXs"
Date: Fri, 05 May 2023 00:08:23 GMT
Via: 1.1 vegur

{
    "access_token": "eyJhbGciOiJIUzI1NiIsInR5cCI6IkpXVCJ9.eyJpZCI6IjY0NTQ0OGY3YTcyYjQxMDAxNDc3MGI2ZSIsImZpcnN0TmFtZSI6IkthbGV5IiwibGFzdE5hbWUiOiJLbGVpbiIsImlhdCI6MTY4MzI0NTMwM30.ejzoHkT2-de7OaKzRXvPcIzmfFAy5ttcPQW7Jd-1AFQ",
    "userID": "645448f7a72b410014770b6e",
    "firstName": "Kaley"
}
HTTP/1.1 201 Created
Server: Cowboy
Connection: keep-alive
X-Powered-By: Express
Access-Control-Allow-Origin: *
Content-Type: application/json; charset=utf-8
Content-Length: 155
Etag: W/"9b-aCEUFYBj1p06HO3eV1X98JeGqo4"
Date: Fri, 05 May 2023 00:08:25 GMT
Via: 1.1 vegur

{
    "isCompleted": false,
    "_id": "645448f9a72b410014770b70",
    "item": "selenium",
    "userID": "645448f7a72b410014770b6e",
    "createdAt": "2023-05-05T00:08:25.851Z",
    "__v": 0
}
]]></system-out>
    <system-err><![CDATA[Starting ChromeDriver 112.0.5615.49 (bd2a7bcb881c11e8cfe3078709382934e3916914-refs/branch-heads/5615@{#936}) on port 23122
Only local connections are allowed.
Please see https://chromedriver.chromium.org/security-considerations for suggestions on keeping ChromeDriver safe.
ChromeDriver was started successfully.
May 05, 2023 2:08:11 AM org.openqa.selenium.remote.ProtocolHandshake createSession
INFO: Detected dialect: W3C
]]></system-err>
  </testcase>
  <testcase name="shouldAbleToAddNewTodo" classname="Todo.examples.testcases.TodoTest" time="6.376">
    <system-out><![CDATA[Request method:	POST
Request URI:	https://qacart-todo.herokuapp.com/api/v1/users/register
Proxy:			<none>
Request params:	<none>
Query params:	<none>
Form params:	<none>
Path params:	<none>
Headers:		Accept=*/*
				Content-Type=application/json
Cookies:		<none>
Multiparts:		<none>
Body:
{
    "email": "latoyia.west@gmail.com",
    "firstName": "Stephanie",
    "lastName": "Wolf",
    "password": "fxc3chf2pmluyfo"
}
HTTP/1.1 201 Created
Server: Cowboy
Connection: keep-alive
X-Powered-By: Express
Access-Control-Allow-Origin: *
Set-Cookie: access_token=eyJhbGciOiJIUzI1NiIsInR5cCI6IkpXVCJ9.eyJpZCI6IjY0NTQ0OTAyYTcyYjQxMDAxNDc3MGI3NCIsImZpcnN0TmFtZSI6IlN0ZXBoYW5pZSIsImxhc3ROYW1lIjoiV29sZiIsImlhdCI6MTY4MzI0NTMxNH0.0hPKShdx8S5Qp4tte_71ZGKa_Om5ABgUm3iLWgrJ11k; Path=/
Set-Cookie: userID=j%3A%2264544902a72b410014770b74%22; Path=/
Set-Cookie: firstName=Stephanie; Path=/
Content-Type: application/json; charset=utf-8
Content-Length: 283
Etag: W/"11b-eXvKsZpmHEh28YrUV98NQy3gOEI"
Date: Fri, 05 May 2023 00:08:34 GMT
Via: 1.1 vegur

{
    "access_token": "eyJhbGciOiJIUzI1NiIsInR5cCI6IkpXVCJ9.eyJpZCI6IjY0NTQ0OTAyYTcyYjQxMDAxNDc3MGI3NCIsImZpcnN0TmFtZSI6IlN0ZXBoYW5pZSIsImxhc3ROYW1lIjoiV29sZiIsImlhdCI6MTY4MzI0NTMxNH0.0hPKShdx8S5Qp4tte_71ZGKa_Om5ABgUm3iLWgrJ11k",
    "userID": "64544902a72b410014770b74",
    "firstName": "Stephanie"
}
]]></system-out>
    <system-err><![CDATA[Starting ChromeDriver 112.0.5615.49 (bd2a7bcb881c11e8cfe3078709382934e3916914-refs/branch-heads/5615@{#936}) on port 39433
Only local connections are allowed.
Please see https://chromedriver.chromium.org/security-considerations for suggestions on keeping ChromeDriver safe.
ChromeDriver was started successfully.
May 05, 2023 2:08:32 AM org.openqa.selenium.remote.ProtocolHandshake createSession
INFO: Detected dialect: W3C
]]></system-err>
  </testcase>
</testsuite>